<?xml version="1.0" encoding="UTF-8"?>
<!-- Generated by org.testng.reporters.JUnitReportReporter -->
<testsuite skipped="0" hostname="Gowtham-PC" name="com.htc.seleniumacademyPOM.test.LoginPageTest" tests="3" failures="0" timestamp="2021-02-18T23:52:57 IST" time="179.479" errors="0">
  <testcase name="testLoginPage_enterCredantials_shouldLoginSuccessful" time="59.103" classname="com.htc.seleniumacademyPOM.test.LoginPageTest"/>
  <system-out/>
  <testcase name="testLoginPage_enterCredantials_shouldLoginSuccessful" time="53.453" classname="com.htc.seleniumacademyPOM.test.LoginPageTest"/>
  <system-out/>
  <testcase name="testBrowserStackSignin_InValidloginCredential_ShouldErrorInSigninPage" time="66.923" classname="com.htc.seleniumacademyPOM.test.LoginPageTest"/>
  <system-out/>
</testsuite> <!-- com.htc.seleniumacademyPOM.test.LoginPageTest -->
